\BOOKMARK [1][-]{section.1}{\376\377\000B\000r\000u\000t\000t\000o\000i\000n\000l\000a\000n\000d\000s\000p\000r\000o\000d\000u\000k\000t\000\040\000\046\000\040\000B\000r\000u\000t\000t\000o\000w\000e\000r\000t\000s\000c\000h\000\366\000p\000f\000u\000n\000g}{}% 1
\BOOKMARK [2][-]{table.caption.1}{\376\377\000W\000e\000c\000h\000s\000e\000l\000k\000u\000r\000s\000e\000\040\000O\000s\000t\000e\000u\000r\000o\000p\000\344\000i\000s\000c\000h\000e\000r\000\040\000W\000\344\000h\000r\000u\000n\000g\000e\000n}{section.1}% 2
\BOOKMARK [2][-]{figure.caption.2}{\376\377\000W\000e\000c\000h\000s\000e\000l\000k\000u\000r\000s\000i\000n\000d\000e\000x}{section.1}% 3
\BOOKMARK [2][-]{figure.caption.3}{\376\377\000B\000r\000u\000t\000t\000o\000i\000n\000l\000a\000n\000d\000s\000p\000r\000o\000d\000u\000k\000t\000\040\000\050\000i\000n\000\040\000r\000e\000a\000l\000e\000n\000\040\000P\000r\000e\000i\000s\000e\000n\000\051}{section.1}% 4
\BOOKMARK [2][-]{figure.caption.4}{\376\377\000B\000r\000u\000t\000t\000o\000i\000n\000l\000a\000n\000d\000s\000p\000r\000o\000d\000u\000k\000t\000\040\000j\000e\000\040\000E\000i\000n\000w\000o\000h\000n\000e\000r}{section.1}% 5
\BOOKMARK [2][-]{figure.caption.5}{\376\377\000B\000r\000u\000t\000t\000o\000i\000n\000l\000a\000n\000d\000s\000p\000r\000o\000d\000u\000k\000t\000\040\000\050\000i\000n\000\040\000K\000a\000u\000f\000k\000r\000a\000f\000t\000s\000t\000a\000n\000d\000a\000r\000d\000s\000\051}{section.1}% 6
\BOOKMARK [2][-]{figure.caption.6}{\376\377\000B\000r\000u\000t\000t\000o\000i\000n\000l\000a\000n\000d\000s\000p\000r\000o\000d\000u\000k\000t\000\040\000j\000e\000\040\000E\000i\000n\000w\000o\000h\000n\000e\000r\000\040\000\050\000i\000n\000\040\000K\000a\000u\000f\000k\000r\000a\000f\000t\000s\000t\000a\000n\000d\000a\000r\000d\000s\000\051}{section.1}% 7
\BOOKMARK [2][-]{figure.caption.7}{\376\377\000E\000n\000t\000w\000i\000c\000k\000l\000u\000n\000g\000\040\000V\000o\000l\000u\000m\000e\000n\000i\000n\000d\000e\000x}{section.1}% 8
\BOOKMARK [1][-]{section.2}{\376\377\000W\000i\000r\000t\000s\000c\000h\000a\000f\000t\000l\000i\000c\000h\000e\000\040\000S\000t\000r\000u\000k\000t\000u\000r\000d\000a\000t\000e\000n}{}% 9
\BOOKMARK [2][-]{figure.caption.8}{\376\377\000I\000M\000D\000\040\000W\000i\000r\000t\000s\000c\000h\000a\000f\000t\000s\000l\000e\000i\000s\000t\000u\000n\000g\000s\000r\000a\000n\000k\000i\000n\000g}{section.2}% 10
\BOOKMARK [2][-]{figure.caption.9}{\376\377\000A\000r\000b\000e\000i\000t\000s\000s\000t\000u\000n\000d\000e\000n}{section.2}% 11
\BOOKMARK [2][-]{figure.caption.10}{\376\377\000A\000r\000b\000e\000i\000t\000s\000s\000t\000u\000n\000d\000e\000n\000\040\000j\000e\000\040\000E\000r\000w\000e\000r\000b\000s\000t\000\344\000t\000i\000g\000e\000n}{section.2}% 12
\BOOKMARK [2][-]{figure.caption.11}{\376\377\000A\000r\000b\000e\000i\000t\000n\000e\000h\000m\000e\000r\000e\000n\000t\000g\000e\000l\000t}{section.2}% 13
\BOOKMARK [2][-]{figure.caption.12}{\376\377\000A\000r\000b\000e\000i\000t\000n\000e\000h\000m\000e\000r\000e\000n\000t\000g\000e\000l\000t\000\040\000j\000e\000\040\000A\000r\000b\000e\000i\000t\000n\000e\000h\000m\000e\000r}{section.2}% 14
\BOOKMARK [2][-]{figure.caption.13}{\376\377\000A\000r\000b\000e\000i\000t\000n\000e\000h\000m\000e\000r\000e\000n\000t\000g\000e\000l\000t\000\040\000j\000e\000\040\000A\000r\000b\000e\000i\000t\000s\000s\000t\000u\000n\000d\000e}{section.2}% 15
\BOOKMARK [2][-]{figure.caption.14}{\376\377\000A\000r\000b\000e\000i\000t\000p\000r\000o\000d\000u\000k\000t\000i\000v\000i\000t\000\344\000t\000\040\000j\000e\000\040\000E\000r\000w\000e\000r\000b\000e\000s\000t\000\344\000t\000i\000g\000e\000n\000\040\000\050\000n\000o\000m\000i\000n\000a\000l\000\051}{section.2}% 16
\BOOKMARK [2][-]{figure.caption.15}{\376\377\000A\000r\000b\000e\000i\000t\000p\000r\000o\000d\000u\000k\000t\000i\000v\000i\000t\000\344\000t\000\040\000j\000e\000\040\000A\000r\000b\000e\000i\000t\000s\000s\000t\000u\000n\000d\000e\000\040\000\050\000n\000o\000m\000i\000n\000a\000l\000\051}{section.2}% 17
\BOOKMARK [2][-]{figure.caption.16}{\376\377\000E\000n\000t\000w\000i\000c\000k\000l\000u\000n\000g\000\040\000A\000r\000b\000e\000i\000t\000s\000p\000r\000o\000d\000u\000k\000t\000i\000v\000i\000t\000\344\000t\000\040\000\050\000r\000e\000a\000l\000\051}{section.2}% 18
\BOOKMARK [2][-]{figure.caption.17}{\376\377\000A\000n\000l\000a\000g\000e\000n\000i\000n\000v\000e\000s\000t\000i\000t\000i\000o\000n\000e\000n}{section.2}% 19
\BOOKMARK [2][-]{figure.caption.18}{\376\377\000A\000n\000z\000a\000h\000l\000\040\000U\000n\000t\000e\000r\000n\000e\000h\000m\000e\000n\000\040\000i\000m\000\040\000V\000e\000r\000a\000r\000b\000e\000i\000t\000e\000n\000d\000e\000n\000\040\000G\000e\000w\000e\000r\000b\000e}{section.2}% 20
\BOOKMARK [2][-]{figure.caption.19}{\376\377\000A\000n\000z\000a\000h\000l\000\040\000B\000e\000s\000c\000h\000\344\000f\000t\000i\000g\000t\000e\000r\000\040\000i\000m\000\040\000V\000e\000r\000a\000r\000b\000e\000i\000t\000e\000n\000d\000e\000n\000\040\000G\000e\000w\000e\000r\000b\000e}{section.2}% 21
\BOOKMARK [2][-]{figure.caption.20}{\376\377\000A\000n\000t\000e\000i\000l\000\040\000B\000e\000s\000c\000h\000\344\000f\000t\000i\000g\000t\000e\000r\000\040\000i\000m\000\040\000V\000e\000r\000a\000r\000b\000e\000i\000t\000e\000n\000d\000e\000n\000\040\000G\000e\000w\000e\000r\000b\000e\000\040\000a\000n\000\040\000a\000l\000l\000e\000n\000\040\000B\000e\000s\000c\000h\000\344\000f\000t\000i\000g\000t\000e\000n}{section.2}% 22
\BOOKMARK [2][-]{figure.caption.21}{\376\377\000A\000r\000b\000e\000i\000t\000s\000s\000t\000u\000n\000d\000e\000n\000\040\000i\000m\000\040\000V\000e\000r\000a\000r\000b\000e\000i\000t\000e\000n\000d\000e\000n\000\040\000G\000e\000w\000e\000r\000b\000e}{section.2}% 23
\BOOKMARK [2][-]{figure.caption.22}{\376\377\000A\000r\000b\000e\000i\000t\000n\000e\000h\000m\000e\000r\000e\000n\000t\000g\000e\000l\000t\000\040\000i\000m\000\040\000V\000e\000r\000a\000r\000b\000e\000i\000t\000e\000n\000d\000e\000n\000\040\000G\000e\000w\000e\000r\000b\000e}{section.2}% 24
\BOOKMARK [2][-]{figure.caption.23}{\376\377\000L\000o\000h\000n\000\040\000\046\000\040\000G\000e\000h\000a\000l\000t\000\040\000i\000m\000\040\000V\000e\000r\000a\000r\000b\000e\000i\000t\000e\000n\000d\000e\000n\000\040\000G\000e\000w\000e\000r\000b\000e}{section.2}% 25
\BOOKMARK [2][-]{figure.caption.24}{\376\377\000A\000r\000b\000e\000i\000t\000n\000e\000h\000m\000e\000r\000e\000n\000t\000g\000e\000l\000t\000\040\000j\000e\000\040\000A\000r\000b\000e\000i\000t\000s\000s\000t\000u\000n\000d\000e\000\040\000i\000m\000\040\000V\000e\000r\000a\000r\000b\000e\000i\000t\000e\000n\000d\000e\000n\000\040\000G\000e\000w\000e\000r\000b\000e}{section.2}% 26
\BOOKMARK [2][-]{figure.caption.25}{\376\377\000A\000n\000l\000a\000g\000e\000n\000i\000n\000v\000e\000s\000t\000i\000t\000i\000o\000n\000e\000n\000\040\000i\000m\000\040\000V\000e\000r\000a\000r\000b\000e\000i\000t\000e\000n\000d\000e\000n\000\040\000G\000e\000w\000e\000r\000b\000e}{section.2}% 27
\BOOKMARK [2][-]{figure.caption.26}{\376\377\000I\000n\000v\000e\000s\000t\000i\000t\000i\000o\000n\000s\000i\000n\000t\000e\000n\000s\000i\000t\000\344\000t\000\040\000i\000m\000\040\000V\000e\000r\000a\000r\000b\000e\000i\000t\000e\000n\000d\000e\000n\000\040\000G\000e\000w\000e\000r\000b\000e}{section.2}% 28
\BOOKMARK [1][-]{section.3}{\376\377\000A\000r\000b\000e\000i\000t\000s\000m\000a\000r\000k\000t}{}% 29
\BOOKMARK [2][-]{figure.caption.27}{\376\377\000E\000r\000w\000e\000r\000b\000s\000t\000\344\000t\000i\000g\000e}{section.3}% 30
\BOOKMARK [2][-]{figure.caption.28}{\376\377\000E\000r\000w\000e\000r\000b\000s\000t\000\344\000t\000i\000g\000e\000n\000q\000u\000o\000t\000e}{section.3}% 31
\BOOKMARK [2][-]{figure.caption.29}{\376\377\000E\000r\000w\000e\000r\000b\000s\000t\000\344\000t\000i\000g\000e\000n\000p\000r\000o\000g\000n\000o\000s\000e}{section.3}% 32
\BOOKMARK [2][-]{figure.caption.30}{\376\377\000T\000e\000i\000l\000z\000e\000i\000t\000q\000u\000o\000t\000e}{section.3}% 33
\BOOKMARK [2][-]{figure.caption.31}{\376\377\000E\000r\000w\000e\000r\000b\000s\000t\000\344\000t\000i\000g\000e\000n\000q\000u\000o\000t\000e\000\040\000F\000r\000a\000u\000e\000n}{section.3}% 34
\BOOKMARK [2][-]{figure.caption.32}{\376\377\000E\000r\000w\000e\000r\000b\000s\000t\000\344\000t\000i\000g\000e\000n\000q\000u\000o\000t\000e\000\040\000M\000\344\000n\000n\000e\000r}{section.3}% 35
\BOOKMARK [2][-]{figure.caption.33}{\376\377\000E\000r\000w\000e\000r\000b\000s\000t\000\344\000t\000i\000g\000e\000n\000q\000u\000o\000t\000e\000\040\000N\000i\000e\000d\000r\000i\000g\000q\000u\000a\000l\000i\000f\000i\000z\000i\000e\000r\000t\000e\000r}{section.3}% 36
\BOOKMARK [2][-]{figure.caption.34}{\376\377\000E\000r\000w\000e\000r\000b\000s\000t\000\344\000t\000i\000g\000e\000n\000q\000u\000o\000t\000e\000\040\000M\000i\000t\000t\000e\000l\000q\000u\000a\000l\000i\000f\000i\000z\000i\000e\000r\000t\000e\000r}{section.3}% 37
\BOOKMARK [2][-]{figure.caption.35}{\376\377\000E\000r\000w\000e\000r\000b\000s\000t\000\344\000t\000i\000g\000e\000n\000q\000u\000o\000t\000e\000\040\000H\000o\000c\000h\000q\000u\000a\000l\000i\000f\000i\000z\000i\000e\000r\000t\000e\000r}{section.3}% 38
\BOOKMARK [2][-]{figure.caption.36}{\376\377\000E\000r\000w\000e\000r\000b\000s\000t\000\344\000t\000i\000g\000e\000n\000q\000u\000o\000t\000e\000\040\000i\000m\000\040\000I\000n\000l\000a\000n\000d\000\040\000G\000e\000b\000o\000r\000e\000n\000e\000r}{section.3}% 39
\BOOKMARK [2][-]{figure.caption.37}{\376\377\000E\000r\000w\000e\000r\000b\000s\000t\000\344\000t\000i\000g\000e\000n\000q\000u\000o\000t\000e\000\040\000i\000m\000\040\000A\000u\000s\000l\000a\000n\000d\000\040\000G\000e\000b\000o\000r\000e\000n\000e\000r}{section.3}% 40
\BOOKMARK [2][-]{figure.caption.38}{\376\377\000J\000u\000g\000e\000n\000d\000e\000r\000w\000e\000r\000b\000s\000t\000\344\000t\000i\000g\000e\000n\000q\000u\000o\000t\000e}{section.3}% 41
\BOOKMARK [2][-]{figure.caption.39}{\376\377\000E\000r\000w\000e\000r\000b\000s\000p\000e\000r\000s\000o\000n\000e\000n}{section.3}% 42
\BOOKMARK [2][-]{figure.caption.40}{\376\377\000W\000e\000i\000b\000l\000i\000c\000h\000e\000\040\000E\000r\000w\000e\000r\000b\000s\000p\000e\000r\000s\000o\000n\000e\000n}{section.3}% 43
\BOOKMARK [2][-]{figure.caption.41}{\376\377\000M\000\344\000n\000n\000l\000i\000c\000h\000e\000\040\000E\000r\000w\000e\000r\000b\000s\000p\000e\000r\000s\000o\000n\000e\000n}{section.3}% 44
\BOOKMARK [2][-]{figure.caption.42}{\376\377\000N\000i\000e\000d\000r\000i\000g\000q\000u\000a\000l\000i\000z\000i\000f\000i\000e\000r\000t\000e\000\040\000E\000r\000w\000e\000r\000b\000s\000p\000e\000r\000s\000o\000n\000e\000n}{section.3}% 45
\BOOKMARK [2][-]{figure.caption.43}{\376\377\000M\000i\000t\000t\000e\000l\000q\000u\000a\000l\000i\000f\000i\000z\000i\000e\000r\000t\000e\000\040\000E\000r\000w\000e\000r\000b\000s\000p\000e\000r\000s\000o\000n\000e\000n}{section.3}% 46
\BOOKMARK [2][-]{figure.caption.44}{\376\377\000H\000o\000c\000h\000q\000u\000a\000l\000i\000f\000i\000z\000i\000e\000r\000t\000e\000\040\000E\000r\000w\000e\000r\000b\000s\000p\000e\000r\000s\000o\000n\000e\000n}{section.3}% 47
\BOOKMARK [2][-]{figure.caption.45}{\376\377\000A\000r\000b\000e\000i\000t\000s\000l\000o\000s\000e\000n\000q\000u\000o\000t\000e}{section.3}% 48
\BOOKMARK [2][-]{figure.caption.46}{\376\377\000A\000r\000b\000e\000i\000t\000s\000l\000o\000s\000e\000n\000q\000u\000o\000t\000e\000\040\000F\000r\000a\000u\000e\000n}{section.3}% 49
\BOOKMARK [2][-]{figure.caption.47}{\376\377\000A\000r\000b\000e\000i\000t\000s\000l\000o\000s\000e\000n\000q\000u\000o\000t\000e\000\040\000M\000\344\000n\000n\000e\000r}{section.3}% 50
\BOOKMARK [2][-]{figure.caption.48}{\376\377\000A\000r\000b\000e\000i\000t\000s\000l\000o\000s\000e\000n\000q\000u\000o\000t\000e\000\040\000N\000i\000e\000d\000r\000i\000g\000q\000u\000a\000l\000i\000f\000i\000z\000i\000e\000r\000t\000e\000r}{section.3}% 51
\BOOKMARK [2][-]{figure.caption.49}{\376\377\000A\000r\000b\000e\000i\000t\000s\000l\000o\000s\000e\000n\000q\000u\000o\000t\000e\000\040\000M\000i\000t\000t\000e\000l\000q\000u\000a\000l\000i\000f\000i\000z\000i\000e\000r\000t\000e\000r}{section.3}% 52
\BOOKMARK [2][-]{figure.caption.50}{\376\377\000A\000r\000b\000e\000i\000t\000s\000l\000o\000s\000e\000n\000q\000u\000o\000t\000e\000\040\000H\000o\000c\000h\000q\000u\000a\000l\000i\000f\000i\000z\000i\000e\000r\000t\000e\000r}{section.3}% 53
\BOOKMARK [2][-]{figure.caption.51}{\376\377\000U\000n\000g\000e\000n\000u\000t\000z\000e\000s\000\040\000A\000r\000b\000e\000i\000t\000s\000m\000a\000r\000k\000t\000p\000o\000t\000e\000n\000t\000i\000a\000l}{section.3}% 54
\BOOKMARK [2][-]{figure.caption.52}{\376\377\000U\000n\000g\000e\000n\000u\000t\000z\000e\000s\000\040\000A\000r\000b\000e\000i\000t\000s\000m\000a\000r\000k\000t\000p\000o\000t\000e\000n\000t\000i\000a\000l\000\040\000F\000r\000a\000u\000e\000n}{section.3}% 55
\BOOKMARK [2][-]{figure.caption.53}{\376\377\000U\000n\000g\000e\000n\000u\000t\000z\000e\000s\000\040\000A\000r\000b\000e\000i\000t\000s\000m\000a\000r\000k\000t\000p\000o\000t\000e\000n\000t\000i\000a\000l\000\040\000M\000\344\000n\000n\000e\000r}{section.3}% 56
\BOOKMARK [2][-]{figure.caption.54}{\376\377\000A\000r\000b\000e\000i\000t\000s\000m\000a\000r\000k\000t\000n\000a\000c\000h\000f\000r\000a\000g\000e\000\040\000I\000K\000T}{section.3}% 57
\BOOKMARK [2][-]{figure.caption.55}{\376\377\000W\000o\000c\000h\000e\000n\000a\000r\000b\000e\000i\000t\000s\000z\000e\000i\000t}{section.3}% 58
\BOOKMARK [2][-]{figure.caption.56}{\376\377\000L\000a\000n\000g\000z\000e\000i\000t\000b\000e\000s\000c\000h\000\344\000f\000t\000i\000g\000u\000n\000g}{section.3}% 59
\BOOKMARK [2][-]{figure.caption.57}{\376\377\000G\000e\000s\000c\000h\000l\000e\000c\000h\000t\000s\000s\000p\000e\000z\000i\000f\000i\000s\000c\000h\000e\000r\000\040\000B\000e\000s\000c\000h\000\344\000f\000t\000i\000g\000u\000n\000g\000s\000u\000n\000t\000e\000r\000s\000c\000h\000i\000e\000d}{section.3}% 60
\BOOKMARK [1][-]{section.4}{\376\377\000M\000e\000t\000a\000l\000l\000\040\000\046\000\040\000E\000l\000e\000k\000t\000r\000o\000i\000n\000d\000u\000s\000t\000r\000i\000e}{}% 61
\BOOKMARK [2][-]{table.caption.58}{\376\377\000S\000t\000r\000u\000k\000t\000u\000r\000d\000a\000t\000e\000n\000\040\000d\000e\000r\000\040\000M\000+\000E\000-\000W\000i\000r\000t\000s\000c\000h\000a\000f\000t\000\040\000i\000n\000\040\000O\000s\000t\000e\000u\000r\000o\000p\000a}{section.4}% 62
\BOOKMARK [2][-]{figure.caption.59}{\376\377\000M\000+\000E\000-\000B\000e\000s\000c\000h\000\344\000f\000t\000i\000g\000t\000e\000n\000z\000a\000h\000l}{section.4}% 63
\BOOKMARK [2][-]{figure.caption.60}{\376\377\000M\000+\000E\000-\000U\000n\000t\000e\000r\000n\000e\000h\000m\000e\000n\000s\000z\000a\000h\000l}{section.4}% 64
\BOOKMARK [2][-]{figure.caption.61}{\376\377\000M\000+\000E\000-\000L\000o\000h\000n\000-\000\040\000\046\000\040\000G\000e\000h\000a\000l\000t\000s\000s\000u\000m\000m\000e}{section.4}% 65
\BOOKMARK [2][-]{figure.caption.62}{\376\377\000M\000+\000E\000-\000B\000e\000s\000c\000h\000\344\000f\000t\000i\000g\000t\000e\000\040\000j\000e\000\040\000B\000e\000t\000r\000i\000e\000b}{section.4}% 66
\BOOKMARK [2][-]{figure.caption.63}{\376\377\000M\000+\000E\000-\000B\000e\000s\000c\000h\000\344\000f\000t\000i\000g\000t\000e\000\040\000j\000e\000\040\000T\000s\000d\000.\000\040\000E\000i\000n\000w\000o\000h\000n\000e\000r}{section.4}% 67
\BOOKMARK [2][-]{figure.caption.64}{\376\377\000M\000+\000E\000-\000B\000e\000s\000c\000h\000\344\000f\000t\000i\000g\000t\000e\000\040\000j\000e\000\040\000T\000s\000d\000.\000\040\000E\000i\000n\000w\000o\000h\000n\000e\000r}{section.4}% 68
\BOOKMARK [1][-]{section.5}{\376\377\000F\000o\000r\000s\000c\000h\000u\000n\000g\000\040\000\046\000\040\000E\000n\000t\000w\000i\000c\000k\000l\000u\000n\000g}{}% 69
\BOOKMARK [2][-]{figure.caption.65}{\376\377\000A\000u\000s\000g\000a\000b\000e\000n\000a\000n\000t\000e\000i\000l\000\040\000i\000n\000\040\000F\000o\000r\000s\000c\000h\000u\000n\000g\000\040\000\046\000\040\000E\000n\000t\000w\000i\000c\000k\000l\000u\000n\000g}{section.5}% 70
\BOOKMARK [2][-]{figure.caption.66}{\376\377\000F\000o\000r\000s\000c\000h\000e\000r\000a\000n\000t\000e\000i\000l}{section.5}% 71
\BOOKMARK [2][-]{figure.caption.67}{\376\377\000A\000n\000t\000e\000i\000l\000\040\000F\000o\000r\000s\000c\000h\000e\000r\000\040\000i\000n\000\040\000U\000n\000t\000e\000r\000n\000e\000h\000m\000e\000n}{section.5}% 72
\BOOKMARK [2][-]{figure.caption.68}{\376\377\000A\000n\000t\000e\000i\000l\000\040\000F\000o\000r\000s\000c\000h\000e\000r\000\040\000a\000n\000\040\000H\000o\000c\000h\000s\000c\000h\000u\000l\000e\000n}{section.5}% 73
\BOOKMARK [2][-]{figure.caption.69}{\376\377\000A\000n\000t\000e\000i\000l\000\040\000F\000o\000r\000s\000c\000h\000e\000r\000\040\000i\000m\000\040\000S\000t\000a\000a\000t\000s\000d\000i\000e\000n\000s\000t}{section.5}% 74
\BOOKMARK [1][-]{section.6}{\376\377\000B\000e\000v\000\366\000l\000k\000e\000r\000u\000n\000g\000s\000s\000t\000r\000u\000k\000t\000u\000r}{}% 75
\BOOKMARK [2][-]{table.caption.70}{\376\377\000E\000i\000n\000w\000o\000h\000n\000e\000r\000,\000\040\000B\000e\000v\000\366\000l\000k\000e\000r\000u\000n\000g\000\040\000\046\000\040\000E\000i\000n\000w\000o\000h\000n\000e\000r\000d\000i\000c\000h\000t\000e}{section.6}% 76
\BOOKMARK [2][-]{figure.caption.71}{\376\377\000B\000e\000v\000\366\000l\000k\000e\000r\000u\000n\000g\000s\000v\000e\000r\000t\000e\000i\000l\000u\000n\000g\000\040\000n\000a\000c\000h\000\040\000A\000l\000t\000e\000r\000s\000j\000a\000h\000r\000e\000n}{section.6}% 77
\BOOKMARK [2][-]{figure.caption.72}{\376\377\000E\000i\000n\000w\000o\000h\000n\000e\000r\000z\000a\000h\000l}{section.6}% 78
\BOOKMARK [2][-]{figure.caption.73}{\376\377\000A\000n\000z\000a\000h\000l\000\040\000H\000a\000u\000s\000h\000a\000l\000t\000e}{section.6}% 79
\BOOKMARK [2][-]{figure.caption.74}{\376\377\000A\000n\000z\000a\000h\000l\000\040\000H\000a\000u\000s\000h\000a\000l\000t\000e\000\040\000i\000n\000\040\000S\000t\000\344\000d\000t\000e\000n}{section.6}% 80
\BOOKMARK [2][-]{figure.caption.75}{\376\377\000B\000e\000v\000\366\000l\000k\000e\000r\000u\000n\000g\000s\000d\000i\000c\000h\000t\000e}{section.6}% 81
\BOOKMARK [2][-]{figure.caption.76}{\376\377\000B\000e\000v\000\366\000l\000k\000e\000r\000u\000n\000g\000s\000v\000e\000r\000\344\000n\000d\000e\000r\000u\000n\000g}{section.6}% 82
\BOOKMARK [2][-]{figure.caption.77}{\376\377\000N\000a\000t\000\374\000r\000l\000i\000c\000h\000e\000\040\000B\000e\000v\000\366\000l\000k\000e\000r\000u\000n\000g\000s\000v\000e\000r\000\344\000n\000d\000e\000r\000u\000n\000g}{section.6}% 83
\BOOKMARK [2][-]{figure.caption.78}{\376\377\000W\000a\000n\000d\000e\000r\000u\000n\000g\000s\000s\000a\000l\000d\000o}{section.6}% 84
\BOOKMARK [2][-]{figure.caption.79}{\376\377\000A\000l\000t\000e\000r\000s\000d\000u\000r\000c\000h\000s\000c\000h\000n\000i\000t\000t\000\040\000\050\000M\000e\000d\000i\000a\000n\000\051}{section.6}% 85
\BOOKMARK [2][-]{figure.caption.80}{\376\377\000F\000r\000a\000u\000e\000n\000q\000u\000o\000t\000i\000e\000n\000t}{section.6}% 86
\BOOKMARK [2][-]{figure.caption.81}{\376\377\000J\000u\000g\000e\000n\000d\000q\000u\000o\000t\000i\000e\000n\000t}{section.6}% 87
\BOOKMARK [2][-]{figure.caption.82}{\376\377\000A\000l\000t\000e\000n\000q\000u\000o\000t\000i\000e\000n\000t}{section.6}% 88
\BOOKMARK [2][-]{figure.caption.83}{\376\377\000A\000l\000t\000e\000r\000s\000a\000b\000h\000\344\000n\000g\000i\000g\000k\000e\000i\000t\000s\000q\000u\000o\000t\000i\000e\000n\000t}{section.6}% 89
\BOOKMARK [2][-]{figure.caption.84}{\376\377\000B\000e\000v\000\366\000l\000k\000e\000r\000u\000n\000g\000s\000p\000r\000o\000g\000n\000o\000s\000e\000\040\0002\0000\0005\0000}{section.6}% 90
\BOOKMARK [1][-]{section.7}{\376\377\000S\000o\000z\000i\000o\000\366\000k\000o\000n\000o\000m\000i\000s\000c\000h\000e\000\040\000D\000a\000t\000e\000n}{}% 91
\BOOKMARK [2][-]{figure.caption.85}{\376\377\000L\000e\000b\000e\000n\000s\000e\000r\000w\000a\000r\000t\000u\000n\000g\000\040\000b\000e\000i\000\040\000G\000e\000b\000u\000r\000t}{section.7}% 92
\BOOKMARK [2][-]{figure.caption.86}{\376\377\000G\000e\000b\000u\000r\000t\000e\000n\000r\000a\000t\000e\000\040\000j\000e\000\040\000F\000r\000a\000u}{section.7}% 93
\BOOKMARK [2][-]{figure.caption.87}{\376\377\000A\000r\000m\000u\000t\000s\000g\000e\000f\000\344\000h\000r\000d\000u\000n\000g\000s\000r\000a\000t\000e}{section.7}% 94
\BOOKMARK [2][-]{figure.caption.88}{\376\377\000A\000u\000s\000p\000e\000n\000d\000l\000e\000r}{section.7}% 95
\BOOKMARK [2][-]{figure.caption.89}{\376\377\000W\000e\000i\000t\000e\000r\000b\000i\000l\000d\000u\000n\000g\000s\000q\000u\000o\000t\000e}{section.7}% 96
\BOOKMARK [2][-]{figure.caption.90}{\376\377\000B\000e\000v\000\366\000l\000k\000e\000r\000u\000n\000g\000s\000a\000n\000t\000e\000i\000l\000\040\000m\000i\000t\000\040\000T\000e\000r\000t\000i\000\344\000r\000a\000b\000s\000c\000h\000l\000u\000s\000s}{section.7}% 97
\BOOKMARK [1][-]{section.8}{\376\377\000E\000i\000n\000k\000o\000m\000m\000e\000n}{}% 98
\BOOKMARK [2][-]{figure.caption.91}{\376\377\000P\000r\000i\000m\000\344\000r\000e\000i\000n\000k\000o\000m\000m\000e\000n}{section.8}% 99
\BOOKMARK [2][-]{figure.caption.92}{\376\377\000V\000e\000r\000f\000\374\000g\000b\000a\000r\000e\000s\000\040\000E\000i\000n\000k\000o\000m\000m\000e\000n}{section.8}% 100
\BOOKMARK [2][-]{figure.caption.93}{\376\377\000B\000e\000t\000r\000i\000e\000b\000s\000\374\000b\000e\000r\000s\000c\000h\000u\000s\000s\000\040\000\046\000\040\000S\000e\000l\000b\000s\000t\000s\000t\000\344\000n\000d\000i\000g\000e\000n\000e\000i\000n\000k\000o\000m\000m\000e\000n}{section.8}% 101
\BOOKMARK [2][-]{figure.caption.94}{\376\377\000A\000r\000b\000e\000i\000t\000n\000e\000h\000m\000e\000r\000e\000n\000t\000g\000e\000l\000t}{section.8}% 102
\BOOKMARK [2][-]{figure.caption.95}{\376\377\000V\000e\000r\000m\000\366\000g\000e\000n\000s\000e\000i\000n\000k\000o\000m\000m\000e\000n}{section.8}% 103
\BOOKMARK [2][-]{figure.caption.96}{\376\377\000E\000i\000n\000k\000o\000m\000m\000e\000n\000\040\000a\000u\000s\000\040\000S\000o\000z\000i\000a\000l\000l\000e\000i\000s\000t\000u\000n\000g\000e\000n}{section.8}% 104
\BOOKMARK [2][-]{figure.caption.97}{\376\377\000E\000i\000n\000k\000o\000m\000m\000e\000n\000\040\000a\000u\000s\000\040\000s\000o\000n\000s\000t\000i\000g\000e\000n\000\040\000T\000r\000a\000n\000s\000f\000e\000r\000s}{section.8}% 105
\BOOKMARK [2][-]{figure.caption.98}{\376\377\000S\000t\000e\000u\000e\000r\000a\000u\000f\000k\000o\000m\000m\000e\000n\000\040\000d\000u\000r\000c\000h\000\040\000E\000i\000n\000k\000o\000m\000m\000e\000n\000\040\000\046\000\040\000V\000e\000r\000m\000\366\000g\000e\000n}{section.8}% 106
\BOOKMARK [2][-]{figure.caption.99}{\376\377\000G\000e\000l\000e\000i\000s\000t\000e\000t\000e\000\040\000S\000o\000z\000i\000a\000l\000b\000e\000i\000t\000r\000\344\000g\000e}{section.8}% 107
\BOOKMARK [1][-]{section.9}{\376\377\000H\000i\000n\000w\000e\000i\000s\000e\000\040\000\046\000\040\000D\000e\000f\000i\000n\000i\000t\000i\000o\000n\000e\000n}{}% 108
\BOOKMARK [2][-]{figure.caption.102}{\376\377\000\334\000b\000e\000r\000s\000i\000c\000h\000t\000\040\000d\000e\000r\000\040\000N\000U\000T\000S\000-\0002\000-\000R\000e\000g\000i\000o\000n\000e\000n}{section.9}% 110
\BOOKMARK [2][-]{table.caption.101}{\376\377\000\334\000b\000e\000r\000s\000i\000c\000h\000t\000\040\000d\000e\000r\000\040\000a\000u\000s\000g\000e\000w\000e\000r\000t\000e\000t\000e\000n\000\040\000R\000e\000g\000i\000o\000n\000e\000n\000\040\000n\000a\000c\000h\000\040\000N\000U\000T\000S\000-\000S\000y\000s\000t\000e\000m\000a\000t\000i\000k}{section.9}% 109
